#-----------------------------------------------------------
# Vivado v2017.2 (64-bit)
# SW Build 1909853 on Thu Jun 15 18:39:09 MDT 2017
# IP Build 1909766 on Thu Jun 15 19:58:00 MDT 2017
# Start of session at: Sun Mar 18 17:30:31 2018
# Process ID: 6944
# Current directory: G:/fei/chester0536/kc705/fpga
# Command line: vivado.exe -gui_launcher_event rodinguilauncherevent4560 G:\fei\chester0536\kc705\fpga\kc705.xpr
# Log file: G:/fei/chester0536/kc705/fpga/vivado.log
# Journal file: G:/fei/chester0536/kc705/fpga\vivado.jou
#-----------------------------------------------------------
start_gui
open_project G:/fei/chester0536/kc705/fpga/kc705.xpr
Scanning sources...
Finished scanning sources
INFO: [IP_Flow 19-234] Refreshing IP repositories
INFO: [IP_Flow 19-1704] No user IP repositories specified
INFO: [IP_Flow 19-2313] Loaded Vivado IP repository 'F:/xilinx2017.2/Vivado/2017.2/data/ip'.
open_project: Time (s): cpu = 00:00:18 ; elapsed = 00:00:08 . Memory (MB): peak = 913.125 ; gain = 109.395
open_hw
connect_hw_server
INFO: [Labtools 27-2285] Connecting to hw_server url TCP:localhost:3121
INFO: [Labtools 27-2222] Launching hw_server...
INFO: [Labtools 27-2221] Launch Output:

****** Xilinx hw_server v2017.2
  **** Build date : Jun 15 2017-18:53:26
    ** Copyright 1986-2017 Xilinx, Inc. All Rights Reserved.


open_hw_target
INFO: [Labtoolstcl 44-466] Opening hw_target localhost:3121/xilinx_tcf/Digilent/210203A01BA9A
set_property PROGRAM.FILE {G:/fei/chester0536/kc705/fpga/kc705.runs/impl_1/kc705.bit} [get_hw_devices xc7k325t_0]
set_property PROBES.FILE {G:/fei/chester0536/kc705/fpga/kc705.runs/impl_1/kc705.ltx} [get_hw_devices xc7k325t_0]
set_property FULL_PROBES.FILE {G:/fei/chester0536/kc705/fpga/kc705.runs/impl_1/kc705.ltx} [get_hw_devices xc7k325t_0]
current_hw_device [get_hw_devices xc7k325t_0]
refresh_hw_device [lindex [get_hw_devices xc7k325t_0] 0]
INFO: [Labtools 27-2302] Device xc7k325t (JTAG device index = 0) is programmed with a design that has 1 ILA core(s).
display_hw_ila_data [ get_hw_ila_data hw_ila_data_1 -of_objects [get_hw_ilas -of_objects [get_hw_devices xc7k325t_0] -filter {CELL_NAME=~"u_ila_0"}]]
INFO: [Labtools 27-3304] ILA Waveform data saved to file G:/fei/chester0536/kc705/fpga/kc705.hw/backup/hw_ila_data_1.ila. Use Tcl command 'import_hw_ila_data' or Vivado File->Import->Import ILA Data menu item to import the previously saved data.
run_hw_ila [get_hw_ilas -of_objects [get_hw_devices xc7k325t_0] -filter {CELL_NAME=~"u_ila_0"}]
INFO: [Labtools 27-1964] The ILA core 'hw_ila_1' trigger was armed at 2018-Mar-18 17:31:06
wait_on_hw_ila [get_hw_ilas -of_objects [get_hw_devices xc7k325t_0] -filter {CELL_NAME=~"u_ila_0"}]
display_hw_ila_data [upload_hw_ila_data [get_hw_ilas -of_objects [get_hw_devices xc7k325t_0] -filter {CELL_NAME=~"u_ila_0"}]]
INFO: [Labtools 27-1966] The ILA core 'hw_ila_1' triggered at 2018-Mar-18 17:31:06
INFO: [Labtools 27-3304] ILA Waveform data saved to file G:/fei/chester0536/kc705/fpga/kc705.hw/backup/hw_ila_data_1.ila. Use Tcl command 'import_hw_ila_data' or Vivado File->Import->Import ILA Data menu item to import the previously saved data.
write_hw_ila_data {G:\fei\chester0536\kc705\fpga\TriggerDataHandshakeWithTTL.ila} hw_ila_data_1
G:/fei/chester0536/kc705/fpga/TriggerDataHandshakeWithTTL.ila
save_wave_config {G:/fei/chester0536/kc705/fpga/kc705.hw/hw_1/wave/hw_ila_data_1/hw_ila_data_1.wcfg}
save_wave_config {G:/fei/chester0536/kc705/fpga/kc705.hw/hw_1/wave/hw_ila_data_1/hw_ila_data_1.wcfg}
exit
INFO: [Common 17-206] Exiting Vivado at Sun Mar 18 17:32:23 2018...
